<?xml version="1.0" encoding="UTF-8"?>
<!-- Generated by org.testng.reporters.JUnitReportReporter -->
<testsuite name="com.Runner.Runner" tests="1" time="6.380" ignored="0" failures="0" timestamp="24 Aug 2020 10:15:25 GMT" skipped="0" hostname="KALYAN" errors="0">
  <testcase name="VerifyJenkinsLive" time="6.380" classname="com.Runner.Runner"/>
</testsuite> <!-- com.Runner.Runner -->
